

Started GET "/" for 127.0.0.1 at 2016-05-04 02:43:07 -0300
Processing by VisitorsController#index as HTML
  Rendered visitors/index.html.erb (1.3ms)
Completed 200 OK in 21ms (Views: 10.9ms | ActiveRecord: 0.0ms)


Started GET "/" for 127.0.0.1 at 2016-05-04 02:51:00 -0300
Processing by VisitorsController#index as HTML
  Rendered visitors/index.html.erb within layouts/application (1.4ms)
  Rendered layouts/_navigation_links.html.erb (0.3ms)
  Rendered layouts/_navigation.html.haml (2.2ms)
  Rendered layouts/_messages.html.haml (0.9ms)
Completed 200 OK in 606ms (Views: 593.8ms | ActiveRecord: 0.0ms)


Started GET "/" for 127.0.0.1 at 2016-05-04 02:51:03 -0300
Processing by VisitorsController#index as HTML
  Rendered visitors/index.html.erb within layouts/application (0.3ms)
  Rendered layouts/_navigation_links.html.erb (0.3ms)
  Rendered layouts/_navigation.html.haml (3.4ms)
  Rendered layouts/_messages.html.haml (0.9ms)
Completed 200 OK in 26ms (Views: 25.6ms | ActiveRecord: 0.0ms)


Started GET "/" for 127.0.0.1 at 2016-05-04 02:53:30 -0300
Processing by VisitorsController#index as HTML
  Rendered visitors/index.html.erb within layouts/application (0.1ms)
  Rendered layouts/_navigation_links.html.erb (0.0ms)
  Rendered layouts/_navigation.html.haml (0.9ms)
  Rendered layouts/_messages.html.haml (0.1ms)
Completed 200 OK in 16ms (Views: 15.2ms | ActiveRecord: 0.0ms)
